<?xml version="1.0" encoding="UTF-8"?>
<!-- Generated by org.testng.reporters.JUnitXMLReporter -->
<testsuite ignored="4" hostname="HP-CS1000TX" failures="0" tests="5" name="Test" time="11.813" errors="0" timestamp="18 Mar 2024 09:54:46 GMT">
  <testcase classname="tyestNG.DemoClass" name="test1" time="0.004"/>
  <testcase classname="tyestNG.DemoClass2" name="test2" time="0.001"/>
  <testcase classname="tyestNG.DemoClass2" name="test3" time="0.002"/>
  <testcase classname="tyestNG.DemoClass2" name="test4" time="0.001"/>
  <testcase classname="tyestNG.DemoClass2" name="test5" time="0.002"/>
  <testcase classname="tyestNG.BaseClass" name="@BeforeSuite bs" time="0.0">
    <ignored/>
  </testcase> <!-- @BeforeSuite bs -->
  <testcase classname="tyestNG.BaseClass" name="@BeforeTest bt" time="0.0">
    <ignored/>
  </testcase> <!-- @BeforeTest bt -->
  <testcase classname="tyestNG.BaseClass" name="@AfterSuite as" time="0.0">
    <ignored/>
  </testcase> <!-- @AfterSuite as -->
  <testcase classname="tyestNG.BaseClass" name="@AfterTest at" time="0.0">
    <ignored/>
  </testcase> <!-- @AfterTest at -->
</testsuite> <!-- Test -->
